19:49:06:033000 (<0.283.0>) exit killed
19:49:06:033001 (<0.283.0>) unregister 'Elixir.Islands.Engine.Sup'
19:49:06:033002 (<0.171.0>) << {'EXIT',<0.283.0>,killed}
19:49:06:033003 (<0.171.0>) getting_unlinked <0.283.0>
19:49:06:033004 (<0.284.0>) << {'EXIT',<0.283.0>,killed}
19:49:06:033005 (<0.284.0>) getting_unlinked <0.283.0>
19:49:06:033006 (<0.171.0>) error_logger ! {notify,
                                            {error_report,<0.166.0>,
                                             {<0.171.0>,supervisor_report,
                                              [{supervisor,{local,'Elixir.Islands.Engine.App'}},
                                               {errorContext,child_terminated},
                                               {reason,killed},
                                               {offender,
                                                [{pid,<0.283.0>},
                                                 {id,'Elixir.Islands.Engine.Sup'},
                                                 {mfargs,
                                                  {'Elixir.Islands.Engine.Sup',start_link,[ok]}},
                                                 {restart_type,permanent},
                                                 {shutdown,infinity},
                                                 {child_type,supervisor}]}]}}}
19:49:06:033008 (<0.171.0>) spawn <0.304.0> as proc_lib:init_p('Elixir.Islands.Engine.App',[<0.167.0>],gen,init_it,[gen_server,<0.171.0>,<0.171.0>,
 {local,'Elixir.Islands.Engine.Sup'},
 supervisor,
 {{local,'Elixir.Islands.Engine.Sup'},'Elixir.Islands.Engine.Sup',ok},
 []])
19:49:06:033009 (<0.171.0>) link <0.304.0>
19:49:06:033011 (<0.285.0>) exit killed
19:49:06:033012 (<0.285.0>) unregister 'Elixir.Islands.Engine.Game.Server.Restart'
19:49:06:033013 (<0.284.0>) error_logger ! {notify,
                                            {error,<0.166.0>,
                                             {<0.284.0>,
                                              "** Generic server ~tp terminating \n** Last message in was ~tp~n** When Server state == ~tp~n** Reason for termination == ~n** ~tp~n",
                                              ['Elixir.Islands.Engine.Game.DynSup',
                                               {'EXIT',<0.283.0>,killed},
                                               #{'__struct__' => 'Elixir.DynamicSupervisor',
                                                 args => ok,children => #{},extra_arguments => [],
                                                 max_children => infinity,max_restarts => 9,
                                                 max_seconds => 5,
                                                 mod => 'Elixir.Islands.Engine.Game.DynSup',
                                                 name =>
                                                  {local,'Elixir.Islands.Engine.Game.DynSup'},
                                                 restarts => [],strategy => one_for_one},
                                               killed]}}}
19:49:06:033014 (<0.284.0>) error_logger ! {notify,
                                            {error_report,<0.166.0>,
                                             {<0.284.0>,crash_report,
                                              [[{initial_call,
                                                 {supervisor,'Elixir.Islands.Engine.Game.DynSup',
                                                  ['Argument__1']}},
                                                {pid,<0.284.0>},
                                                {registered_name,
                                                 'Elixir.Islands.Engine.Game.DynSup'},
                                                {error_info,
                                                 {exit,killed,
                                                  [{gen_server,decode_msg,9,
                                                    [{file,"gen_server.erl"},{line,410}]},
                                                   {proc_lib,init_p_do_apply,3,
                                                    [{file,"proc_lib.erl"},{line,247}]}]}},
                                                {ancestors,
                                                 ['Elixir.Islands.Engine.Sup',
                                                  'Elixir.Islands.Engine.App',<0.167.0>]},
                                                {message_queue_len,0},
                                                {messages,[]},
                                                {links,[]},
                                                {dictionary,[]},
                                                {trap_exit,true},
                                                {status,running},
                                                {heap_size,376},
                                                {stack_size,27},
                                                {reductions,307}],
                                               []]}}}
19:49:06:033015 (<0.284.0>) exit killed
19:49:06:033016 (<0.284.0>) unregister 'Elixir.Islands.Engine.Game.DynSup'
19:49:06:033024 (<0.171.0>) << {ack,<0.304.0>,{ok,<0.304.0>}}
19:49:06:033025 (<0.171.0>) error_logger ! {notify,
                                            {info_report,<0.166.0>,
                                             {<0.171.0>,progress,
                                              [{supervisor,{local,'Elixir.Islands.Engine.App'}},
                                               {started,
                                                [{pid,<0.304.0>},
                                                 {id,'Elixir.Islands.Engine.Sup'},
                                                 {mfargs,
                                                  {'Elixir.Islands.Engine.Sup',start_link,[ok]}},
                                                 {restart_type,permanent},
                                                 {shutdown,infinity},
                                                 {child_type,supervisor}]}]}}}
